2025-11-13 09:07:41, SELF, v:1, k:poo@array, rate:100, guide:sim, alone:7, study:120
2025-11-13 09:07:46, MOVE, v:1, k:poo@array, mode:PICK
2025-11-13 09:07:56, EXEC, v:1, k:poo@array, mode:LOCK, rate:0, size:81
2025-11-13 09:25:50, EXEC, v:1, k:poo@array, mode:LOCK, rate:0, size:83
2025-11-13 09:25:54, MOVE, v:1, k:poo@array, mode:BACK
2025-11-13 09:26:25, MOVE, v:1, k:poo@budega, mode:PICK
2025-11-13 09:28:13, EXEC, v:1, k:poo@budega, mode:FULL, rate:0, size:4
2025-11-13 09:35:08, EXEC, v:1, k:poo@budega, mode:FULL, rate:0, size:14
2025-11-13 09:37:46, EXEC, v:1, k:poo@budega, mode:FULL, rate:0, size:15
2025-11-13 09:37:48, MOVE, v:1, k:poo@budega, mode:BACK
2025-11-13 09:37:58, MOVE, v:1, k:poo@budega, mode:PICK
2025-11-13 09:40:09, EXEC, v:1, k:poo@budega, mode:FULL, rate:0, size:24
2025-11-13 09:40:13, MOVE, v:1, k:poo@budega, mode:BACK
2025-11-13 09:40:14, MOVE, v:1, k:poo@budega, mode:PICK
2025-11-13 09:40:15, EXEC, v:1, k:poo@budega, mode:FREE
2025-11-13 09:50:17, MOVE, v:1, k:poo@budega, mode:BACK
2025-11-13 09:51:42, MOVE, v:1, k:poo@budega, mode:PICK
2025-11-13 09:53:25, EXEC, v:1, k:poo@budega, mode:FREE, size:26
2025-11-13 09:56:27, EXEC, v:1, k:poo@budega, mode:FREE, size:26
2025-11-13 09:57:33, MOVE, v:1, k:poo@budega, mode:BACK
