2025-11-11 15:41:15, MOVE, v:1, k:poo@array, mode:PICK
2025-11-11 15:41:24, MOVE, v:1, k:poo@array, mode:BACK
2025-11-11 15:42:44, MOVE, v:1, k:poo@array, mode:PICK
2025-11-11 15:42:46, EXEC, v:1, k:poo@array, mode:LOCK, rate:0, size:39
2025-11-11 15:42:49, MOVE, v:1, k:poo@array, mode:BACK
2025-11-11 15:42:50, MOVE, v:1, k:poo@array, mode:PICK
2025-11-11 15:42:53, MOVE, v:1, k:poo@array, mode:BACK
2025-11-11 15:42:54, MOVE, v:1, k:poo@array, mode:PICK
2025-11-11 15:43:12, EXEC, v:1, k:poo@array, mode:LOCK, rate:0
2025-11-11 15:45:37, EXEC, v:1, k:poo@array, mode:LOCK, rate:0, size:40
2025-11-11 15:48:15, EXEC, v:1, k:poo@array, mode:LOCK, rate:0, size:42
2025-11-11 15:48:21, EXEC, v:1, k:poo@array, mode:LOCK, rate:0, size:42
2025-11-11 15:53:43, EXEC, v:1, k:poo@array, mode:LOCK, rate:0, size:45
2025-11-11 15:54:05, EXEC, v:1, k:poo@array, mode:LOCK, rate:0
2025-11-11 15:55:44, EXEC, v:1, k:poo@array, mode:LOCK, rate:0, size:45
2025-11-11 15:56:11, EXEC, v:1, k:poo@array, mode:LOCK, rate:0, size:45
2025-11-11 15:56:40, EXEC, v:1, k:poo@array, mode:LOCK, rate:0, size:45
2025-11-11 15:56:45, EXEC, v:1, k:poo@array, mode:LOCK, rate:0, size:45
2025-11-11 16:01:30, EXEC, v:1, k:poo@array, mode:LOCK, rate:0, size:47
2025-11-11 16:08:06, EXEC, v:1, k:poo@array, mode:LOCK, rate:0, size:54
2025-11-11 16:16:07, EXEC, v:1, k:poo@array, mode:LOCK, rate:0, size:62
2025-11-11 16:21:33, EXEC, v:1, k:poo@array, mode:LOCK, rate:0
2025-11-11 16:21:46, EXEC, v:1, k:poo@array, mode:LOCK, rate:0, size:62
2025-11-11 16:22:26, EXEC, v:1, k:poo@array, mode:LOCK, rate:0, size:62
2025-11-11 16:25:20, EXEC, v:1, k:poo@array, mode:LOCK, rate:0, size:64
2025-11-11 16:26:48, EXEC, v:1, k:poo@array, mode:LOCK, rate:0, size:66
2025-11-11 16:27:40, EXEC, v:1, k:poo@array, mode:LOCK, rate:0, size:66
2025-11-11 16:29:30, EXEC, v:1, k:poo@array, mode:LOCK, rate:0, size:66
2025-11-11 16:29:59, EXEC, v:1, k:poo@array, mode:LOCK, rate:0, size:66
2025-11-11 16:30:41, EXEC, v:1, k:poo@array, mode:LOCK, rate:0, size:70
2025-11-11 16:32:49, EXEC, v:1, k:poo@array, mode:LOCK, rate:0, size:65
2025-11-11 16:38:44, MOVE, v:1, k:poo@array, mode:BACK
2025-11-11 16:38:49, SELF, v:1, k:poo@array, rate:100, guide:sim, alone:9, study:40
2025-11-11 16:45:27, MOVE, v:1, k:poo@array, mode:PICK
2025-11-11 16:50:49, EXEC, v:1, k:poo@array, mode:LOCK, rate:0, size:68
2025-11-11 16:53:05, EXEC, v:1, k:poo@array, mode:LOCK, rate:0, size:74
2025-11-11 16:53:26, MOVE, v:1, k:poo@array, mode:BACK
2025-11-11 16:53:34, MOVE, v:1, k:poo@array, mode:PICK
2025-11-11 16:53:35, EXEC, v:1, k:poo@array, mode:LOCK, rate:0
2025-11-11 16:54:51, EXEC, v:1, k:poo@array, mode:LOCK, rate:0, size:73
2025-11-11 16:56:50, EXEC, v:1, k:poo@array, mode:LOCK, rate:0, size:74
2025-11-11 16:59:32, MOVE, v:1, k:poo@array, mode:BACK
2025-11-11 16:59:56, MOVE, v:1, k:poo@array, mode:PICK
2025-11-11 17:03:24, EXEC, v:1, k:poo@array, mode:LOCK, rate:0, size:78
2025-11-11 17:07:35, EXEC, v:1, k:poo@array, mode:LOCK, rate:0, size:81
2025-11-11 17:08:22, MOVE, v:1, k:poo@array, mode:BACK
