2025-11-17 13:56:12, MOVE, v:1, k:poo@array, mode:PICK
2025-11-17 13:56:13, EXEC, v:1, k:poo@array, mode:LOCK, rate:0
2025-11-17 13:57:38, EXEC, v:1, k:poo@array, mode:LOCK, rate:0
2025-11-17 13:58:11, EXEC, v:1, k:poo@array, mode:LOCK, rate:0, size:24
2025-11-17 13:58:47, EXEC, v:1, k:poo@array, mode:LOCK, rate:0, size:24
2025-11-17 13:59:21, EXEC, v:1, k:poo@array, mode:LOCK, rate:0, size:26
2025-11-17 14:00:13, EXEC, v:1, k:poo@array, mode:LOCK, rate:0, size:25
2025-11-17 14:01:25, EXEC, v:1, k:poo@array, mode:LOCK, rate:0, size:26
2025-11-17 14:06:42, EXEC, v:1, k:poo@array, mode:LOCK, rate:0, size:41
2025-11-17 14:07:34, EXEC, v:1, k:poo@array, mode:LOCK, rate:0, size:42
2025-11-17 14:07:40, EXEC, v:1, k:poo@array, mode:LOCK, rate:0, size:42
2025-11-17 14:07:49, EXEC, v:1, k:poo@array, mode:LOCK, rate:0, size:42
2025-11-17 14:07:59, EXEC, v:1, k:poo@array, mode:LOCK, rate:0
2025-11-17 14:08:14, EXEC, v:1, k:poo@array, mode:LOCK, rate:0, size:44
2025-11-17 14:08:22, EXEC, v:1, k:poo@array, mode:LOCK, rate:0
2025-11-17 14:08:45, EXEC, v:1, k:poo@array, mode:LOCK, rate:0, size:47
2025-11-17 14:09:48, EXEC, v:1, k:poo@array, mode:LOCK, rate:0, size:54
2025-11-17 14:10:12, EXEC, v:1, k:poo@array, mode:LOCK, rate:0, size:56
2025-11-17 14:10:17, EXEC, v:1, k:poo@array, mode:LOCK, rate:0, size:55
2025-11-17 14:10:22, EXEC, v:1, k:poo@array, mode:LOCK, rate:0, size:55
2025-11-17 14:10:36, EXEC, v:1, k:poo@array, mode:LOCK, rate:0, size:56
2025-11-17 14:10:37, EXEC, v:1, k:poo@array, mode:LOCK, rate:0, size:56
2025-11-17 14:10:43, EXEC, v:1, k:poo@array, mode:LOCK, rate:0, size:56
2025-11-17 14:10:53, EXEC, v:1, k:poo@array, mode:LOCK, rate:0, size:56
2025-11-17 14:10:54, EXEC, v:1, k:poo@array, mode:LOCK, rate:0, size:56
2025-11-17 14:11:03, EXEC, v:1, k:poo@array, mode:LOCK, rate:0, size:56
2025-11-17 14:11:09, EXEC, v:1, k:poo@array, mode:LOCK, rate:0, size:55
2025-11-17 14:11:09, EXEC, v:1, k:poo@array, mode:LOCK, rate:0, size:55
2025-11-17 14:12:31, EXEC, v:1, k:poo@array, mode:LOCK, rate:0, size:60
2025-11-17 14:13:28, EXEC, v:1, k:poo@array, mode:LOCK, rate:0, size:64
2025-11-17 14:13:28, EXEC, v:1, k:poo@array, mode:LOCK, rate:0, size:64
2025-11-17 14:13:50, MOVE, v:1, k:poo@array, mode:BACK
2025-11-17 14:14:28, MOVE, v:1, k:poo@array, mode:PICK
2025-11-17 14:14:29, EXEC, v:1, k:poo@array, mode:LOCK, rate:0, size:64
2025-11-17 14:19:38, EXEC, v:1, k:poo@array, mode:LOCK, rate:0, size:71
2025-11-17 14:19:38, EXEC, v:1, k:poo@array, mode:LOCK, rate:0, size:71
2025-11-17 14:19:47, EXEC, v:1, k:poo@array, mode:LOCK, rate:0, size:71
2025-11-17 14:23:41, EXEC, v:1, k:poo@array, mode:LOCK, rate:0, size:80
2025-11-17 14:24:00, EXEC, v:1, k:poo@array, mode:LOCK, rate:0
2025-11-17 14:24:11, MOVE, v:1, k:poo@array, mode:BACK
2025-11-17 14:34:32, SELF, v:1, k:poo@array, rate:100, alone:10, study:240
