2025-11-08 15:09:40, MOVE, v:1, k:poo@pula-pula, mode:PICK
2025-11-08 15:17:44, EXEC, v:1, k:poo@pula-pula, mode:FULL, rate:0, size:79
2025-11-08 15:20:41, EXEC, v:1, k:poo@pula-pula, mode:FULL, rate:0, size:81
2025-11-08 15:25:01, EXEC, v:1, k:poo@pula-pula, mode:FULL, rate:10, size:81
2025-11-08 15:26:02, EXEC, v:1, k:poo@pula-pula, mode:FULL, rate:10, size:80
2025-11-08 15:26:36, EXEC, v:1, k:poo@pula-pula, mode:FULL, rate:10, size:80
2025-11-08 15:26:56, EXEC, v:1, k:poo@pula-pula, mode:FULL, rate:0, size:80
2025-11-08 15:27:11, EXEC, v:1, k:poo@pula-pula, mode:FULL, rate:0
2025-11-08 15:27:19, EXEC, v:1, k:poo@pula-pula, mode:FULL, rate:10, size:80
2025-11-08 15:31:51, EXEC, v:1, k:poo@pula-pula, mode:FULL, rate:10, size:80
2025-11-08 15:32:21, EXEC, v:1, k:poo@pula-pula, mode:FULL, rate:20, size:80
2025-11-08 15:34:21, EXEC, v:1, k:poo@pula-pula, mode:FULL, rate:40, size:82
2025-11-08 15:35:02, EXEC, v:1, k:poo@pula-pula, mode:FULL, rate:20, size:84
2025-11-08 15:35:10, EXEC, v:1, k:poo@pula-pula, mode:FULL, rate:20
2025-11-08 15:35:56, EXEC, v:1, k:poo@pula-pula, mode:FULL, rate:20
2025-11-08 15:36:02, EXEC, v:1, k:poo@pula-pula, mode:FULL, rate:40, size:83
2025-11-08 15:39:38, EXEC, v:1, k:poo@pula-pula, mode:FULL, rate:40, size:86
2025-11-08 15:39:51, EXEC, v:1, k:poo@pula-pula, mode:FULL, rate:40, size:84
2025-11-08 15:49:04, EXEC, v:1, k:poo@pula-pula, mode:FULL, rate:0, size:84
2025-11-08 15:49:06, EXEC, v:1, k:poo@pula-pula, mode:FULL, rate:0
2025-11-08 15:53:49, EXEC, v:1, k:poo@pula-pula, mode:FULL, rate:40, size:87
2025-11-08 15:54:19, EXEC, v:1, k:poo@pula-pula, mode:FULL, rate:20, size:89
2025-11-08 15:54:43, EXEC, v:1, k:poo@pula-pula, mode:FULL, rate:20, size:89
2025-11-08 15:57:37, EXEC, v:1, k:poo@pula-pula, mode:FULL, rate:0, size:90
2025-11-08 15:57:54, EXEC, v:1, k:poo@pula-pula, mode:FULL, rate:10, size:89
2025-11-08 15:58:29, EXEC, v:1, k:poo@pula-pula, mode:FULL, rate:10, size:89
2025-11-08 15:58:48, EXEC, v:1, k:poo@pula-pula, mode:FULL, rate:40, size:85
2025-11-08 15:58:58, EXEC, v:1, k:poo@pula-pula, mode:FULL, rate:40, size:85
2025-11-08 16:03:46, EXEC, v:1, k:poo@pula-pula, mode:FULL, rate:50, size:89
2025-11-08 16:05:47, EXEC, v:1, k:poo@pula-pula, mode:FULL, rate:0, size:91
2025-11-08 16:06:32, EXEC, v:1, k:poo@pula-pula, mode:FULL, rate:20, size:92
2025-11-08 16:06:34, EXEC, v:1, k:poo@pula-pula, mode:FULL, rate:20
2025-11-08 16:07:30, EXEC, v:1, k:poo@pula-pula, mode:FULL, rate:60, size:92
2025-11-08 16:13:11, EXEC, v:1, k:poo@pula-pula, mode:FULL, rate:60
2025-11-08 16:30:14, EXEC, v:1, k:poo@pula-pula, mode:FULL, rate:70, size:92
2025-11-08 16:31:13, EXEC, v:1, k:poo@pula-pula, mode:FULL, rate:20, size:91
2025-11-08 16:31:47, EXEC, v:1, k:poo@pula-pula, mode:FULL, rate:90, size:91
2025-11-08 16:34:51, EXEC, v:1, k:poo@pula-pula, mode:FULL, rate:0, size:91
2025-11-08 16:35:42, EXEC, v:1, k:poo@pula-pula, mode:FULL, rate:90, size:91
2025-11-08 16:38:51, EXEC, v:1, k:poo@pula-pula, mode:FULL, rate:100, size:91
2025-11-08 16:45:02, MOVE, v:1, k:poo@pula-pula, mode:BACK
2025-11-08 16:45:39, SELF, v:1, k:poo@pula-pula, rate:100, study:180
2025-11-08 16:45:59, SELF, v:1, k:poo@pula-pula, rate:100, alone:10, study:180
2025-11-08 16:46:23, MOVE, v:1, k:poo@array, mode:PICK
2025-11-08 16:46:25, MOVE, v:1, k:poo@array, mode:BACK
2025-11-08 16:50:28, MOVE, v:1, k:poo@array, mode:PICK
2025-11-08 16:50:29, EXEC, v:1, k:poo@array, mode:LOCK, rate:100, size:13
2025-11-08 16:50:32, EXEC, v:1, k:poo@array, mode:LOCK, rate:100
2025-11-08 16:51:06, MOVE, v:1, k:poo@array, mode:BACK
2025-11-08 17:54:54, MOVE, v:1, k:poo@array, mode:PICK
2025-11-08 17:58:07, EXEC, v:1, k:poo@array, mode:FREE, size:15
2025-11-08 17:58:19, MOVE, v:1, k:poo@array, mode:BACK
2025-11-08 17:58:19, MOVE, v:1, k:poo@array, mode:PICK
2025-11-08 18:00:17, EXEC, v:1, k:poo@array, mode:FREE, size:16
