2025-11-06 13:21:24, MOVE, v:1, k:poo@pula-pula, mode:PICK
2025-11-06 13:21:25, EXEC, v:1, k:poo@pula-pula, mode:FULL, rate:0
2025-11-06 13:21:58, MOVE, v:1, k:poo@pula-pula, mode:BACK
2025-11-06 13:22:00, MOVE, v:1, k:poo@budega, mode:PICK
2025-11-06 13:22:01, EXEC, v:1, k:poo@budega, mode:FULL, rate:0, size:2
2025-11-06 13:27:14, EXEC, v:1, k:poo@budega, mode:FULL, rate:0
2025-11-06 13:27:15, MOVE, v:1, k:poo@budega, mode:BACK
2025-11-06 13:27:17, MOVE, v:1, k:poo@pula-pula, mode:PICK
2025-11-06 13:27:18, EXEC, v:1, k:poo@pula-pula, mode:FULL, rate:0
2025-11-06 15:51:31, MOVE, v:1, k:poo@pula-pula, mode:PICK
2025-11-06 15:54:32, MOVE, v:1, k:poo@pula-pula, mode:BACK
2025-11-06 16:05:39, MOVE, v:1, k:poo@pula-pula, mode:PICK
2025-11-06 16:05:41, EXEC, v:1, k:poo@pula-pula, mode:FULL, rate:0, size:73
2025-11-06 16:07:57, EXEC, v:1, k:poo@pula-pula, mode:FULL, rate:0, size:79
2025-11-06 16:08:28, EXEC, v:1, k:poo@pula-pula, mode:FULL, rate:0, size:81
2025-11-06 16:08:33, EXEC, v:1, k:poo@pula-pula, mode:FULL, rate:0
2025-11-06 16:10:24, EXEC, v:1, k:poo@pula-pula, mode:FULL, rate:0, size:82
2025-11-06 16:11:28, EXEC, v:1, k:poo@pula-pula, mode:FULL, rate:0, size:82
2025-11-06 16:11:28, EXEC, v:1, k:poo@pula-pula, mode:FULL, rate:0, size:82
2025-11-06 16:11:56, EXEC, v:1, k:poo@pula-pula, mode:FULL, rate:0, size:82
2025-11-06 16:12:30, EXEC, v:1, k:poo@pula-pula, mode:FULL, rate:0, size:82
2025-11-06 16:12:44, MOVE, v:1, k:poo@pula-pula, mode:BACK
2025-11-06 16:12:51, MOVE, v:1, k:poo@pula-pula, mode:PICK
2025-11-06 16:14:26, EXEC, v:1, k:poo@pula-pula, mode:FULL, rate:0
2025-11-06 16:16:20, EXEC, v:1, k:poo@pula-pula, mode:FULL, rate:0, size:82
2025-11-06 16:17:27, EXEC, v:1, k:poo@pula-pula, mode:FULL, rate:0
2025-11-06 16:17:41, EXEC, v:1, k:poo@pula-pula, mode:FULL, rate:0, size:82
2025-11-06 16:20:29, EXEC, v:1, k:poo@pula-pula, mode:FULL, rate:0
2025-11-06 16:20:36, EXEC, v:1, k:poo@pula-pula, mode:FULL, rate:0, size:82
2025-11-06 16:21:02, EXEC, v:1, k:poo@pula-pula, mode:FULL, rate:0, size:82
2025-11-06 16:22:24, EXEC, v:1, k:poo@pula-pula, mode:FULL, rate:0, size:82
2025-11-06 16:22:40, EXEC, v:1, k:poo@pula-pula, mode:FULL, rate:0, size:82
2025-11-06 16:25:41, EXEC, v:1, k:poo@pula-pula, mode:FULL, rate:0, size:82
2025-11-06 16:26:42, EXEC, v:1, k:poo@pula-pula, mode:FULL, rate:0, size:82
2025-11-06 16:26:56, EXEC, v:1, k:poo@pula-pula, mode:FULL, rate:0, size:82
2025-11-06 16:30:59, EXEC, v:1, k:poo@pula-pula, mode:FULL, rate:0, size:79
2025-11-06 16:32:41, EXEC, v:1, k:poo@pula-pula, mode:FULL, rate:0, size:77
2025-11-06 16:33:09, EXEC, v:1, k:poo@pula-pula, mode:FULL, rate:0, size:77
2025-11-06 16:34:03, EXEC, v:1, k:poo@pula-pula, mode:FULL, rate:0, size:77
2025-11-06 16:34:17, EXEC, v:1, k:poo@pula-pula, mode:FULL, rate:0, size:77
2025-11-06 16:34:47, EXEC, v:1, k:poo@pula-pula, mode:FULL, rate:0, size:77
2025-11-06 16:35:45, EXEC, v:1, k:poo@pula-pula, mode:FULL, rate:0, size:77
2025-11-06 16:36:00, EXEC, v:1, k:poo@pula-pula, mode:FULL, rate:0, size:77
2025-11-06 16:37:16, EXEC, v:1, k:poo@pula-pula, mode:FULL, rate:0, size:77
