2025-11-16 16:59:02, MOVE, v:1, k:poo@budega, mode:PICK
2025-11-16 16:59:22, EXEC, v:1, k:poo@budega, mode:FULL, rate:0, size:26
2025-11-16 17:02:34, EXEC, v:1, k:poo@budega, mode:FULL, rate:0, size:26
2025-11-16 17:05:15, EXEC, v:1, k:poo@budega, mode:FULL, rate:0, size:26
2025-11-16 17:07:39, EXEC, v:1, k:poo@budega, mode:FULL, rate:0, size:27
2025-11-16 17:11:50, EXEC, v:1, k:poo@budega, mode:FULL, rate:0, size:30
2025-11-16 17:11:51, MOVE, v:1, k:poo@budega, mode:BACK
2025-11-16 17:12:14, MOVE, v:1, k:poo@budega, mode:PICK
2025-11-16 17:12:17, EXEC, v:1, k:poo@budega, mode:FULL, rate:0
2025-11-16 17:13:21, EXEC, v:1, k:poo@budega, mode:FULL, rate:0, size:29
2025-11-16 17:14:24, EXEC, v:1, k:poo@budega, mode:FULL, rate:0
2025-11-16 17:16:07, EXEC, v:1, k:poo@budega, mode:FULL, rate:0, size:33
2025-11-16 17:16:52, EXEC, v:1, k:poo@budega, mode:FULL, rate:0, size:34
2025-11-16 17:23:59, EXEC, v:1, k:poo@budega, mode:FULL, rate:0, size:52
2025-11-16 17:24:23, EXEC, v:1, k:poo@budega, mode:FULL, rate:0, size:53
2025-11-16 17:35:03, EXEC, v:1, k:poo@budega, mode:FULL, rate:0, size:63
2025-11-16 17:35:53, EXEC, v:1, k:poo@budega, mode:FULL, rate:0
2025-11-16 17:36:12, EXEC, v:1, k:poo@budega, mode:FULL, rate:0, size:63
2025-11-16 17:36:23, EXEC, v:1, k:poo@budega, mode:FULL, rate:0, size:63
2025-11-16 17:37:02, EXEC, v:1, k:poo@budega, mode:FULL, rate:0, size:63
2025-11-16 17:37:15, EXEC, v:1, k:poo@budega, mode:FULL, rate:0, size:63
2025-11-16 17:37:20, EXEC, v:1, k:poo@budega, mode:FULL, rate:0, size:63
2025-11-16 17:37:38, EXEC, v:1, k:poo@budega, mode:FULL, rate:0, size:63
2025-11-16 17:37:49, EXEC, v:1, k:poo@budega, mode:FULL, rate:0, size:63
2025-11-16 17:38:00, EXEC, v:1, k:poo@budega, mode:FULL, rate:0, size:63
2025-11-16 17:38:11, EXEC, v:1, k:poo@budega, mode:FULL, rate:0, size:63
2025-11-16 17:39:01, EXEC, v:1, k:poo@budega, mode:FULL, rate:0, size:64
2025-11-16 17:40:00, EXEC, v:1, k:poo@budega, mode:FULL, rate:0, size:64
2025-11-16 17:42:27, EXEC, v:1, k:poo@budega, mode:FULL, rate:0, size:67
2025-11-16 17:44:01, EXEC, v:1, k:poo@budega, mode:FULL, rate:0, size:68
2025-11-16 17:44:12, MOVE, v:1, k:poo@budega, mode:BACK
2025-11-16 17:44:38, MOVE, v:1, k:poo@budega, mode:PICK
2025-11-16 17:44:40, EXEC, v:1, k:poo@budega, mode:FULL, rate:0
2025-11-16 17:47:21, EXEC, v:1, k:poo@budega, mode:FULL, rate:0, size:70
2025-11-16 17:47:59, EXEC, v:1, k:poo@budega, mode:FULL, rate:0, size:65
2025-11-16 17:48:08, EXEC, v:1, k:poo@budega, mode:FULL, rate:0
2025-11-16 17:48:41, EXEC, v:1, k:poo@budega, mode:FULL, rate:0, size:65
2025-11-16 17:48:58, EXEC, v:1, k:poo@budega, mode:FULL, rate:0, size:65
2025-11-16 17:49:07, EXEC, v:1, k:poo@budega, mode:FULL, rate:0, size:65
2025-11-16 17:51:07, EXEC, v:1, k:poo@budega, mode:FULL, rate:0, size:65
2025-11-16 17:51:16, EXEC, v:1, k:poo@budega, mode:FULL, rate:0, size:65
2025-11-16 17:52:35, EXEC, v:1, k:poo@budega, mode:FULL, rate:0, size:65
2025-11-16 17:52:52, EXEC, v:1, k:poo@budega, mode:FULL, rate:0, size:65
2025-11-16 17:53:58, EXEC, v:1, k:poo@budega, mode:FULL, rate:0, size:65
2025-11-16 17:54:03, EXEC, v:1, k:poo@budega, mode:FULL, rate:0, size:65
2025-11-16 17:54:13, EXEC, v:1, k:poo@budega, mode:FULL, rate:0
2025-11-16 17:54:15, EXEC, v:1, k:poo@budega, mode:FULL, rate:0
2025-11-16 17:54:16, EXEC, v:1, k:poo@budega, mode:FULL, rate:0
2025-11-16 17:54:46, EXEC, v:1, k:poo@budega, mode:FULL, rate:0, size:65
2025-11-16 17:54:47, EXEC, v:1, k:poo@budega, mode:FULL, rate:0
2025-11-16 17:54:51, EXEC, v:1, k:poo@budega, mode:FULL, rate:0, size:65
2025-11-16 17:56:14, EXEC, v:1, k:poo@budega, mode:FULL, rate:0, size:65
2025-11-16 17:56:17, EXEC, v:1, k:poo@budega, mode:FULL, rate:0
2025-11-16 17:56:55, EXEC, v:1, k:poo@budega, mode:FULL, rate:0
2025-11-16 17:57:05, EXEC, v:1, k:poo@budega, mode:FULL, rate:0, size:65
2025-11-16 17:57:09, EXEC, v:1, k:poo@budega, mode:FULL, rate:0, size:65
2025-11-16 17:57:34, EXEC, v:1, k:poo@budega, mode:FULL, rate:0, size:65
2025-11-16 17:59:31, EXEC, v:1, k:poo@budega, mode:FULL, rate:0, size:64
2025-11-16 17:59:31, MOVE, v:1, k:poo@budega, mode:BACK
2025-11-16 17:59:52, MOVE, v:1, k:poo@budega, mode:PICK
2025-11-16 18:00:10, EXEC, v:1, k:poo@budega, mode:FULL, rate:0
2025-11-16 18:02:49, EXEC, v:1, k:poo@budega, mode:FULL, rate:0, size:61
2025-11-16 18:02:52, EXEC, v:1, k:poo@budega, mode:FULL, rate:0
2025-11-16 18:03:43, MOVE, v:1, k:poo@budega, mode:BACK
2025-11-16 18:03:58, MOVE, v:1, k:poo@budega, mode:PICK
2025-11-16 18:04:53, EXEC, v:1, k:poo@budega, mode:FULL, rate:0, size:61
2025-11-16 18:04:55, EXEC, v:1, k:poo@budega, mode:FULL, rate:0
2025-11-16 18:05:30, EXEC, v:1, k:poo@budega, mode:FULL, rate:0, size:61
2025-11-16 18:10:10, EXEC, v:1, k:poo@budega, mode:FULL, rate:0, size:63
2025-11-16 18:10:22, EXEC, v:1, k:poo@budega, mode:FULL, rate:0, size:63
2025-11-16 18:11:06, EXEC, v:1, k:poo@budega, mode:FULL, rate:10, size:63
2025-11-16 18:11:26, EXEC, v:1, k:poo@budega, mode:FULL, rate:10, size:63
2025-11-16 18:13:15, EXEC, v:1, k:poo@budega, mode:FULL, rate:0, size:64
2025-11-16 18:13:24, EXEC, v:1, k:poo@budega, mode:FULL, rate:10, size:64
2025-11-16 18:14:39, EXEC, v:1, k:poo@budega, mode:FULL, rate:10, size:66
2025-11-16 18:15:18, EXEC, v:1, k:poo@budega, mode:FULL, rate:10, size:66
2025-11-16 18:18:35, EXEC, v:1, k:poo@budega, mode:FULL, rate:10, size:67
2025-11-16 18:20:01, EXEC, v:1, k:poo@budega, mode:FULL, rate:10, size:68
2025-11-16 18:21:25, EXEC, v:1, k:poo@budega, mode:FULL, rate:10, size:68
2025-11-16 18:21:48, EXEC, v:1, k:poo@budega, mode:FULL, rate:10, size:68
2025-11-16 18:22:44, EXEC, v:1, k:poo@budega, mode:FULL, rate:10, size:63
2025-11-16 18:23:30, EXEC, v:1, k:poo@budega, mode:FULL, rate:10, size:63
2025-11-16 18:24:11, EXEC, v:1, k:poo@budega, mode:FULL, rate:10, size:62
2025-11-16 18:25:49, EXEC, v:1, k:poo@budega, mode:FULL, rate:10, size:63
2025-11-16 18:28:27, MOVE, v:1, k:poo@budega, mode:BACK
2025-11-16 18:28:59, SELF, v:1, k:poo@budega, rate:10
2025-11-16 18:29:01, MOVE, v:1, k:poo@budega, mode:PICK
2025-11-16 18:29:03, EXEC, v:1, k:poo@budega, mode:FULL, rate:10
2025-11-16 18:29:24, EXEC, v:1, k:poo@budega, mode:FULL, rate:10, size:63
2025-11-16 18:29:59, EXEC, v:1, k:poo@budega, mode:FULL, rate:10, size:63
2025-11-16 18:31:07, EXEC, v:1, k:poo@budega, mode:FULL, rate:10, size:63
2025-11-16 18:33:36, EXEC, v:1, k:poo@budega, mode:FULL, rate:30, size:65
2025-11-16 18:33:48, MOVE, v:1, k:poo@budega, mode:BACK
2025-11-16 18:34:14, MOVE, v:1, k:poo@budega, mode:PICK
2025-11-16 18:34:15, EXEC, v:1, k:poo@budega, mode:FULL, rate:30
2025-11-16 18:34:22, MOVE, v:1, k:poo@budega, mode:BACK
2025-11-16 18:34:28, MOVE, v:1, k:poo@budega, mode:PICK
2025-11-16 18:36:24, EXEC, v:1, k:poo@budega, mode:FULL, rate:20, size:69
2025-11-16 18:36:31, EXEC, v:1, k:poo@budega, mode:FULL, rate:20, size:69
2025-11-16 18:36:35, EXEC, v:1, k:poo@budega, mode:FULL, rate:0, size:69
2025-11-16 18:36:40, EXEC, v:1, k:poo@budega, mode:FULL, rate:0
2025-11-16 18:36:42, EXEC, v:1, k:poo@budega, mode:FULL, rate:20, size:69
2025-11-16 18:37:52, EXEC, v:1, k:poo@budega, mode:FULL, rate:30, size:70
2025-11-16 18:40:10, EXEC, v:1, k:poo@budega, mode:FULL, rate:30, size:72
2025-11-16 18:42:34, EXEC, v:1, k:poo@budega, mode:FULL, rate:30
2025-11-16 18:42:38, MOVE, v:1, k:poo@budega, mode:BACK
2025-11-16 18:43:50, MOVE, v:1, k:poo@budega, mode:PICK
2025-11-16 18:43:51, EXEC, v:1, k:poo@budega, mode:FULL, rate:20, size:72
2025-11-16 18:44:11, EXEC, v:1, k:poo@budega, mode:FULL, rate:30, size:73
2025-11-16 18:45:25, EXEC, v:1, k:poo@budega, mode:FULL, rate:30, size:71
2025-11-16 18:45:40, EXEC, v:1, k:poo@budega, mode:FULL, rate:30, size:71
2025-11-16 18:46:14, EXEC, v:1, k:poo@budega, mode:FULL, rate:30, size:71
2025-11-16 18:46:49, EXEC, v:1, k:poo@budega, mode:FULL, rate:50, size:71
2025-11-16 18:49:06, EXEC, v:1, k:poo@budega, mode:FULL, rate:70, size:73
2025-11-16 18:49:26, EXEC, v:1, k:poo@budega, mode:FULL, rate:100, size:73
2025-11-16 18:49:35, MOVE, v:1, k:poo@budega, mode:BACK
2025-11-16 18:50:16, SELF, v:1, k:poo@budega, rate:100, guide:video, alone:6, study:160
2025-11-16 18:51:47, SELF, v:1, k:poo@budega, rate:100, guide:video, alone:8, study:160
2025-11-16 18:52:22, SELF, v:1, k:poo@budega, rate:100, guide:video, alone:8, study:180
2025-11-16 18:56:24, MOVE, v:1, k:poo@budega, mode:PICK
2025-11-16 18:56:25, EXEC, v:1, k:poo@budega, mode:FULL, rate:100
2025-11-16 18:58:14, MOVE, v:1, k:poo@budega, mode:BACK
2025-11-16 18:59:12, MOVE, v:1, k:poo@budega, mode:PICK
2025-11-16 18:59:50, MOVE, v:1, k:poo@budega, mode:BACK
2025-11-16 18:59:52, MOVE, v:1, k:poo@array, mode:PICK
2025-11-16 18:59:53, EXEC, v:1, k:poo@array, mode:LOCK, rate:0
2025-11-16 19:02:38, EXEC, v:1, k:poo@array, mode:LOCK, rate:0, size:1
2025-11-16 19:03:39, EXEC, v:1, k:poo@array, mode:LOCK, rate:0, size:6
2025-11-16 19:03:40, EXEC, v:1, k:poo@array, mode:LOCK, rate:0
2025-11-16 19:03:44, EXEC, v:1, k:poo@array, mode:LOCK, rate:100, size:6
2025-11-16 19:05:20, EXEC, v:1, k:poo@array, mode:LOCK, rate:0, size:12
2025-11-16 19:09:31, EXEC, v:1, k:poo@array, mode:LOCK, rate:0, size:23
2025-11-16 19:10:01, EXEC, v:1, k:poo@array, mode:LOCK, rate:0, size:23
2025-11-16 19:11:29, EXEC, v:1, k:poo@array, mode:LOCK, rate:0, size:23
2025-11-16 19:13:12, EXEC, v:1, k:poo@array, mode:LOCK, rate:0, size:24
2025-11-16 19:20:37, EXEC, v:1, k:poo@array, mode:LOCK, rate:0, size:23
2025-11-16 19:21:26, EXEC, v:1, k:poo@array, mode:LOCK, rate:0, size:23
2025-11-16 19:21:38, EXEC, v:1, k:poo@array, mode:LOCK, rate:0, size:23
2025-11-16 19:21:47, MOVE, v:1, k:poo@array, mode:BACK
2025-11-16 19:46:19, SELF, v:1, k:poo@pula-pula, rate:100, alone:10, study:180
2025-11-16 19:47:22, MOVE, v:1, k:poo@pula-pula, mode:PICK
2025-11-16 19:47:23, EXEC, v:1, k:poo@pula-pula, mode:FULL, rate:100
